0 verbose cli C:\Program Files\nodejs\node.exe C:\Users\tdavi\AppData\Roaming\npm\node_modules\npm\bin\npm-cli.js
1 info using npm@10.8.1
2 info using node@v20.14.0
3 silly config load:file:C:\Users\tdavi\AppData\Roaming\npm\node_modules\npm\npmrc
4 silly config load:file:C:\Users\tdavi\.vscode\GitHub-Actions-Demo-1\04-using-actions\.npmrc
5 silly config load:file:C:\Users\tdavi\.npmrc
6 silly config load:file:C:\Users\tdavi\AppData\Roaming\npm\etc\npmrc
7 verbose title npm exec create-react-app --template typescript react-app
8 verbose argv "exec" "--" "create-react-app" "--template" "typescript" "react-app"
9 verbose logfile logs-max:10 dir:C:\Users\tdavi\.vscode\GitHub-Actions-Demo-1\04-using-actions\UserstdaviAppDataLocalnpm-cache\_logs\2024-06-15T23_02_51_987Z-
10 verbose logfile C:\Users\tdavi\.vscode\GitHub-Actions-Demo-1\04-using-actions\UserstdaviAppDataLocalnpm-cache\_logs\2024-06-15T23_02_51_987Z-debug-0.log
11 silly logfile done cleaning log files
12 silly packumentCache heap:4345298944 maxSize:1086324736 maxEntrySize:543162368
13 http fetch GET 200 https://registry.npmjs.org/create-react-app 400ms (cache revalidated)
14 silly packumentCache heap:4345298944 maxSize:1086324736 maxEntrySize:543162368
15 silly packumentCache heap:4345298944 maxSize:1086324736 maxEntrySize:543162368
16 silly idealTree buildDeps
17 silly fetch manifest create-react-app@5.0.1
18 silly packumentCache full:https://registry.npmjs.org/create-react-app cache-miss
19 http fetch GET 200 https://registry.npmjs.org/create-react-app 71ms (cache miss)
20 silly packumentCache full:https://registry.npmjs.org/create-react-app set size:undefined disposed:false
21 silly placeDep ROOT create-react-app@5.0.1 OK for:  want: 5.0.1
22 silly fetch manifest chalk@^4.1.2
23 silly packumentCache full:https://registry.npmjs.org/chalk cache-miss
24 silly fetch manifest commander@^4.1.1
25 silly packumentCache full:https://registry.npmjs.org/commander cache-miss
26 silly fetch manifest cross-spawn@^7.0.3
27 silly packumentCache full:https://registry.npmjs.org/cross-spawn cache-miss
28 silly fetch manifest envinfo@^7.8.1
29 silly packumentCache full:https://registry.npmjs.org/envinfo cache-miss
30 silly fetch manifest fs-extra@^10.0.0
31 silly packumentCache full:https://registry.npmjs.org/fs-extra cache-miss
32 silly fetch manifest hyperquest@^2.1.3
33 silly packumentCache full:https://registry.npmjs.org/hyperquest cache-miss
34 silly fetch manifest prompts@^2.4.2
35 silly packumentCache full:https://registry.npmjs.org/prompts cache-miss
36 http fetch GET 200 https://registry.npmjs.org/chalk 61ms (cache miss)
37 silly packumentCache full:https://registry.npmjs.org/chalk set size:undefined disposed:false
38 silly fetch manifest semver@^7.3.5
39 silly packumentCache full:https://registry.npmjs.org/semver cache-miss
40 http fetch GET 200 https://registry.npmjs.org/cross-spawn 122ms (cache miss)
41 silly packumentCache full:https://registry.npmjs.org/cross-spawn set size:undefined disposed:false
42 silly fetch manifest tar-pack@^3.4.1
43 silly packumentCache full:https://registry.npmjs.org/tar-pack cache-miss
44 http fetch GET 200 https://registry.npmjs.org/envinfo 157ms (cache miss)
45 silly packumentCache full:https://registry.npmjs.org/envinfo set size:undefined disposed:false
46 silly fetch manifest tmp@^0.2.1
47 silly packumentCache full:https://registry.npmjs.org/tmp cache-miss
48 http fetch GET 200 https://registry.npmjs.org/hyperquest 163ms (cache miss)
49 silly packumentCache full:https://registry.npmjs.org/hyperquest set size:undefined disposed:false
50 silly fetch manifest validate-npm-package-name@^3.0.0
51 silly packumentCache full:https://registry.npmjs.org/validate-npm-package-name cache-miss
52 http fetch GET 200 https://registry.npmjs.org/semver 106ms (cache miss)
53 silly packumentCache full:https://registry.npmjs.org/semver set size:undefined disposed:false
54 http fetch GET 200 https://registry.npmjs.org/prompts 176ms (cache miss)
55 silly packumentCache full:https://registry.npmjs.org/prompts set size:undefined disposed:false
56 http fetch GET 200 https://registry.npmjs.org/fs-extra 181ms (cache miss)
57 silly packumentCache full:https://registry.npmjs.org/fs-extra set size:undefined disposed:false
58 http fetch GET 200 https://registry.npmjs.org/tar-pack 62ms (cache miss)
59 silly packumentCache full:https://registry.npmjs.org/tar-pack set size:undefined disposed:false
60 http fetch GET 200 https://registry.npmjs.org/commander 195ms (cache miss)
61 silly packumentCache full:https://registry.npmjs.org/commander set size:undefined disposed:false
62 http fetch GET 200 https://registry.npmjs.org/tmp 52ms (cache miss)
63 silly packumentCache full:https://registry.npmjs.org/tmp set size:undefined disposed:false
64 http fetch GET 200 https://registry.npmjs.org/validate-npm-package-name 58ms (cache miss)
65 silly packumentCache full:https://registry.npmjs.org/validate-npm-package-name set size:undefined disposed:false
66 silly placeDep ROOT chalk@4.1.2 OK for: create-react-app@5.0.1 want: ^4.1.2
67 silly placeDep ROOT commander@4.1.1 OK for: create-react-app@5.0.1 want: ^4.1.1
68 silly placeDep ROOT cross-spawn@7.0.3 OK for: create-react-app@5.0.1 want: ^7.0.3
69 silly placeDep ROOT envinfo@7.13.0 OK for: create-react-app@5.0.1 want: ^7.8.1
70 silly placeDep ROOT fs-extra@10.1.0 OK for: create-react-app@5.0.1 want: ^10.0.0
71 silly placeDep ROOT hyperquest@2.1.3 OK for: create-react-app@5.0.1 want: ^2.1.3
72 silly placeDep ROOT prompts@2.4.2 OK for: create-react-app@5.0.1 want: ^2.4.2
73 silly placeDep ROOT semver@7.6.2 OK for: create-react-app@5.0.1 want: ^7.3.5
74 silly placeDep ROOT tar-pack@3.4.1 OK for: create-react-app@5.0.1 want: ^3.4.1
75 silly placeDep ROOT tmp@0.2.3 OK for: create-react-app@5.0.1 want: ^0.2.1
76 silly placeDep ROOT validate-npm-package-name@3.0.0 OK for: create-react-app@5.0.1 want: ^3.0.0
77 silly fetch manifest ansi-styles@^4.1.0
78 silly packumentCache full:https://registry.npmjs.org/ansi-styles cache-miss
79 silly fetch manifest supports-color@^7.1.0
80 silly packumentCache full:https://registry.npmjs.org/supports-color cache-miss
81 silly fetch manifest path-key@^3.1.0
82 silly packumentCache full:https://registry.npmjs.org/path-key cache-miss
83 silly fetch manifest shebang-command@^2.0.0
84 silly packumentCache full:https://registry.npmjs.org/shebang-command cache-miss
85 silly fetch manifest which@^2.0.1
86 silly packumentCache full:https://registry.npmjs.org/which cache-miss
87 silly fetch manifest graceful-fs@^4.2.0
88 silly packumentCache full:https://registry.npmjs.org/graceful-fs cache-miss
89 silly fetch manifest jsonfile@^6.0.1
90 silly packumentCache full:https://registry.npmjs.org/jsonfile cache-miss
91 http fetch GET 200 https://registry.npmjs.org/shebang-command 81ms (cache miss)
92 silly packumentCache full:https://registry.npmjs.org/shebang-command set size:undefined disposed:false
93 silly fetch manifest universalify@^2.0.0
94 silly packumentCache full:https://registry.npmjs.org/universalify cache-miss
95 http fetch GET 200 https://registry.npmjs.org/supports-color 84ms (cache miss)
96 silly packumentCache full:https://registry.npmjs.org/supports-color set size:undefined disposed:false
97 silly fetch manifest buffer-from@^0.1.1
98 silly packumentCache full:https://registry.npmjs.org/buffer-from cache-miss
99 http fetch GET 200 https://registry.npmjs.org/path-key 88ms (cache miss)
100 silly packumentCache full:https://registry.npmjs.org/path-key set size:undefined disposed:false
101 silly fetch manifest duplexer2@~0.0.2
102 silly packumentCache full:https://registry.npmjs.org/duplexer2 cache-miss
103 http fetch GET 200 https://registry.npmjs.org/jsonfile 91ms (cache miss)
104 silly packumentCache full:https://registry.npmjs.org/jsonfile set size:undefined disposed:false
105 silly fetch manifest through2@~0.6.3
106 silly packumentCache full:https://registry.npmjs.org/through2 cache-miss
107 http fetch GET 200 https://registry.npmjs.org/ansi-styles 98ms (cache miss)
108 silly packumentCache full:https://registry.npmjs.org/ansi-styles set size:undefined disposed:false
109 silly fetch manifest kleur@^3.0.3
110 silly packumentCache full:https://registry.npmjs.org/kleur cache-miss
111 http fetch GET 200 https://registry.npmjs.org/which 100ms (cache miss)
112 silly packumentCache full:https://registry.npmjs.org/which set size:undefined disposed:false
113 silly fetch manifest sisteransi@^1.0.5
114 silly packumentCache full:https://registry.npmjs.org/sisteransi cache-miss
115 http fetch GET 200 https://registry.npmjs.org/graceful-fs 102ms (cache miss)
116 silly packumentCache full:https://registry.npmjs.org/graceful-fs set size:undefined disposed:false
117 silly fetch manifest debug@^2.2.0
118 silly packumentCache full:https://registry.npmjs.org/debug cache-miss
119 http fetch GET 200 https://registry.npmjs.org/universalify 42ms (cache miss)
120 silly packumentCache full:https://registry.npmjs.org/universalify set size:undefined disposed:false
121 silly fetch manifest fstream@^1.0.10
122 silly packumentCache full:https://registry.npmjs.org/fstream cache-miss
123 http fetch GET 200 https://registry.npmjs.org/buffer-from 44ms (cache miss)
124 silly packumentCache full:https://registry.npmjs.org/buffer-from set size:undefined disposed:false
125 silly fetch manifest fstream-ignore@^1.0.5
126 silly packumentCache full:https://registry.npmjs.org/fstream-ignore cache-miss
127 http fetch GET 200 https://registry.npmjs.org/sisteransi 53ms (cache miss)
128 silly packumentCache full:https://registry.npmjs.org/sisteransi set size:undefined disposed:false
129 silly fetch manifest once@^1.3.3
130 silly packumentCache full:https://registry.npmjs.org/once cache-miss
131 http fetch GET 200 https://registry.npmjs.org/kleur 63ms (cache miss)
132 silly packumentCache full:https://registry.npmjs.org/kleur set size:undefined disposed:false
133 silly fetch manifest readable-stream@^2.1.4
134 silly packumentCache full:https://registry.npmjs.org/readable-stream cache-miss
135 http fetch GET 200 https://registry.npmjs.org/duplexer2 89ms (cache miss)
136 silly packumentCache full:https://registry.npmjs.org/duplexer2 set size:undefined disposed:false
137 silly fetch manifest rimraf@^2.5.1
138 silly packumentCache full:https://registry.npmjs.org/rimraf cache-miss
139 http fetch GET 200 https://registry.npmjs.org/through2 84ms (cache miss)
140 silly packumentCache full:https://registry.npmjs.org/through2 set size:undefined disposed:false
141 silly fetch manifest tar@^2.2.1
142 silly packumentCache full:https://registry.npmjs.org/tar cache-miss
143 http fetch GET 200 https://registry.npmjs.org/debug 80ms (cache miss)
144 silly packumentCache full:https://registry.npmjs.org/debug set size:undefined disposed:false
145 silly fetch manifest uid-number@^0.0.6
146 silly packumentCache full:https://registry.npmjs.org/uid-number cache-miss
147 http fetch GET 200 https://registry.npmjs.org/fstream-ignore 59ms (cache miss)
148 silly packumentCache full:https://registry.npmjs.org/fstream-ignore set size:undefined disposed:false
149 silly fetch manifest builtins@^1.0.3
150 silly packumentCache full:https://registry.npmjs.org/builtins cache-miss
151 http fetch GET 200 https://registry.npmjs.org/fstream 70ms (cache miss)
152 silly packumentCache full:https://registry.npmjs.org/fstream set size:undefined disposed:false
153 http fetch GET 200 https://registry.npmjs.org/once 48ms (cache miss)
154 silly packumentCache full:https://registry.npmjs.org/once set size:undefined disposed:false
155 http fetch GET 200 https://registry.npmjs.org/readable-stream 55ms (cache miss)
156 silly packumentCache full:https://registry.npmjs.org/readable-stream set size:undefined disposed:false
157 http fetch GET 200 https://registry.npmjs.org/rimraf 57ms (cache miss)
158 silly packumentCache full:https://registry.npmjs.org/rimraf set size:undefined disposed:false
159 http fetch GET 200 https://registry.npmjs.org/uid-number 73ms (cache miss)
160 silly packumentCache full:https://registry.npmjs.org/uid-number set size:undefined disposed:false
161 http fetch GET 200 https://registry.npmjs.org/builtins 70ms (cache miss)
162 silly packumentCache full:https://registry.npmjs.org/builtins set size:undefined disposed:false
163 http fetch GET 200 https://registry.npmjs.org/tar 86ms (cache miss)
164 silly packumentCache full:https://registry.npmjs.org/tar set size:undefined disposed:false
165 silly placeDep ROOT ansi-styles@4.3.0 OK for: chalk@4.1.2 want: ^4.1.0
166 silly placeDep ROOT supports-color@7.2.0 OK for: chalk@4.1.2 want: ^7.1.0
167 silly fetch manifest color-convert@^2.0.1
168 silly packumentCache full:https://registry.npmjs.org/color-convert cache-miss
169 silly fetch manifest has-flag@^4.0.0
170 silly packumentCache full:https://registry.npmjs.org/has-flag cache-miss
171 http fetch GET 200 https://registry.npmjs.org/has-flag 48ms (cache miss)
172 silly packumentCache full:https://registry.npmjs.org/has-flag set size:undefined disposed:false
173 http fetch GET 200 https://registry.npmjs.org/color-convert 50ms (cache miss)
174 silly packumentCache full:https://registry.npmjs.org/color-convert set size:undefined disposed:false
175 silly placeDep ROOT color-convert@2.0.1 OK for: ansi-styles@4.3.0 want: ^2.0.1
176 silly fetch manifest color-name@~1.1.4
177 silly packumentCache full:https://registry.npmjs.org/color-name cache-miss
178 http fetch GET 200 https://registry.npmjs.org/color-name 47ms (cache miss)
179 silly packumentCache full:https://registry.npmjs.org/color-name set size:undefined disposed:false
180 silly placeDep ROOT color-name@1.1.4 OK for: color-convert@2.0.1 want: ~1.1.4
181 silly placeDep ROOT path-key@3.1.1 OK for: cross-spawn@7.0.3 want: ^3.1.0
182 silly placeDep ROOT shebang-command@2.0.0 OK for: cross-spawn@7.0.3 want: ^2.0.0
183 silly placeDep ROOT which@2.0.2 OK for: cross-spawn@7.0.3 want: ^2.0.1
184 silly fetch manifest shebang-regex@^3.0.0
185 silly packumentCache full:https://registry.npmjs.org/shebang-regex cache-miss
186 silly fetch manifest isexe@^2.0.0
187 silly packumentCache full:https://registry.npmjs.org/isexe cache-miss
188 http fetch GET 200 https://registry.npmjs.org/isexe 52ms (cache miss)
189 silly packumentCache full:https://registry.npmjs.org/isexe set size:undefined disposed:false
190 http fetch GET 200 https://registry.npmjs.org/shebang-regex 62ms (cache miss)
191 silly packumentCache full:https://registry.npmjs.org/shebang-regex set size:undefined disposed:false
192 silly placeDep ROOT graceful-fs@4.2.11 OK for: fs-extra@10.1.0 want: ^4.2.0
193 silly placeDep ROOT jsonfile@6.1.0 OK for: fs-extra@10.1.0 want: ^6.0.1
194 silly placeDep ROOT universalify@2.0.1 OK for: fs-extra@10.1.0 want: ^2.0.0
195 silly placeDep ROOT buffer-from@0.1.2 OK for: hyperquest@2.1.3 want: ^0.1.1
196 silly placeDep ROOT duplexer2@0.0.2 OK for: hyperquest@2.1.3 want: ~0.0.2
197 silly placeDep ROOT through2@0.6.5 OK for: hyperquest@2.1.3 want: ~0.6.3
198 silly fetch manifest readable-stream@~1.1.9
199 silly packumentCache full:https://registry.npmjs.org/readable-stream cache-miss
200 silly fetch manifest readable-stream@>=1.0.33-1 <1.1.0-0
201 silly packumentCache full:https://registry.npmjs.org/readable-stream cache-miss
202 silly fetch manifest xtend@>=4.0.0 <4.1.0-0
203 silly packumentCache full:https://registry.npmjs.org/xtend cache-miss
204 http fetch GET 200 https://registry.npmjs.org/readable-stream 8ms (cache hit)
205 silly packumentCache full:https://registry.npmjs.org/readable-stream set size:272167 disposed:false
206 http fetch GET 200 https://registry.npmjs.org/readable-stream 13ms (cache hit)
207 silly packumentCache full:https://registry.npmjs.org/readable-stream set size:272167 disposed:false
208 silly packumentCache full:https://registry.npmjs.org/readable-stream dispose
209 http fetch GET 200 https://registry.npmjs.org/xtend 49ms (cache miss)
210 silly packumentCache full:https://registry.npmjs.org/xtend set size:undefined disposed:false
211 silly placeDep ROOT readable-stream@1.1.14 OK for: duplexer2@0.0.2 want: ~1.1.9
212 silly fetch manifest core-util-is@~1.0.0
213 silly packumentCache full:https://registry.npmjs.org/core-util-is cache-miss
214 silly fetch manifest isarray@0.0.1
215 silly packumentCache full:https://registry.npmjs.org/isarray cache-miss
216 silly fetch manifest string_decoder@~0.10.x
217 silly packumentCache full:https://registry.npmjs.org/string_decoder cache-miss
218 silly fetch manifest inherits@~2.0.1
219 silly packumentCache full:https://registry.npmjs.org/inherits cache-miss
220 http fetch GET 200 https://registry.npmjs.org/core-util-is 45ms (cache miss)
221 silly packumentCache full:https://registry.npmjs.org/core-util-is set size:undefined disposed:false
222 http fetch GET 200 https://registry.npmjs.org/inherits 49ms (cache miss)
223 silly packumentCache full:https://registry.npmjs.org/inherits set size:undefined disposed:false
224 http fetch GET 200 https://registry.npmjs.org/string_decoder 53ms (cache miss)
225 silly packumentCache full:https://registry.npmjs.org/string_decoder set size:undefined disposed:false
226 http fetch GET 200 https://registry.npmjs.org/isarray 54ms (cache miss)
227 silly packumentCache full:https://registry.npmjs.org/isarray set size:undefined disposed:false
228 silly placeDep ROOT kleur@3.0.3 OK for: prompts@2.4.2 want: ^3.0.3
229 silly placeDep ROOT sisteransi@1.0.5 OK for: prompts@2.4.2 want: ^1.0.5
230 silly placeDep ROOT core-util-is@1.0.3 OK for: readable-stream@1.1.14 want: ~1.0.0
231 silly placeDep ROOT inherits@2.0.4 OK for: readable-stream@1.1.14 want: ~2.0.1
232 silly placeDep ROOT isarray@0.0.1 OK for: readable-stream@1.1.14 want: 0.0.1
233 silly placeDep ROOT string_decoder@0.10.31 OK for: readable-stream@1.1.14 want: ~0.10.x
234 silly placeDep ROOT shebang-regex@3.0.0 OK for: shebang-command@2.0.0 want: ^3.0.0
235 silly placeDep ROOT has-flag@4.0.0 OK for: supports-color@7.2.0 want: ^4.0.0
236 silly placeDep ROOT debug@2.6.9 OK for: tar-pack@3.4.1 want: ^2.2.0
237 silly placeDep ROOT fstream@1.0.12 OK for: tar-pack@3.4.1 want: ^1.0.10
238 silly placeDep ROOT fstream-ignore@1.0.5 OK for: tar-pack@3.4.1 want: ^1.0.5
239 silly placeDep ROOT once@1.4.0 OK for: tar-pack@3.4.1 want: ^1.3.3
240 silly placeDep node_modules/tar-pack readable-stream@2.3.8 OK for: tar-pack@3.4.1 want: ^2.1.4
241 silly placeDep ROOT rimraf@2.7.1 OK for: tar-pack@3.4.1 want: ^2.5.1
242 silly placeDep ROOT tar@2.2.2 OK for: tar-pack@3.4.1 want: ^2.2.1
243 silly placeDep ROOT uid-number@0.0.6 OK for: tar-pack@3.4.1 want: ^0.0.6
244 silly fetch manifest ms@2.0.0
245 silly packumentCache full:https://registry.npmjs.org/ms cache-miss
246 silly fetch manifest mkdirp@>=0.5 0
247 silly packumentCache full:https://registry.npmjs.org/mkdirp cache-miss
248 silly fetch manifest rimraf@2
249 silly packumentCache full:https://registry.npmjs.org/rimraf cache-miss
250 silly fetch manifest minimatch@^3.0.0
251 silly packumentCache full:https://registry.npmjs.org/minimatch cache-miss
252 silly fetch manifest wrappy@1
253 silly packumentCache full:https://registry.npmjs.org/wrappy cache-miss
254 silly fetch manifest isarray@~1.0.0
255 silly packumentCache full:https://registry.npmjs.org/isarray cache-miss
256 silly fetch manifest process-nextick-args@~2.0.0
257 silly packumentCache full:https://registry.npmjs.org/process-nextick-args cache-miss
258 http fetch GET 200 https://registry.npmjs.org/isarray 17ms (cache hit)
259 silly packumentCache full:https://registry.npmjs.org/isarray set size:17392 disposed:false
260 silly fetch manifest safe-buffer@~5.1.1
261 silly packumentCache full:https://registry.npmjs.org/safe-buffer cache-miss
262 http fetch GET 200 https://registry.npmjs.org/rimraf 21ms (cache hit)
263 silly packumentCache full:https://registry.npmjs.org/rimraf set size:187451 disposed:false
264 silly fetch manifest string_decoder@~1.1.1
265 silly packumentCache full:https://registry.npmjs.org/string_decoder cache-miss
266 http fetch GET 200 https://registry.npmjs.org/string_decoder 5ms (cache hit)
267 silly packumentCache full:https://registry.npmjs.org/string_decoder set size:28441 disposed:false
268 silly fetch manifest util-deprecate@~1.0.1
269 silly packumentCache full:https://registry.npmjs.org/util-deprecate cache-miss
270 http fetch GET 200 https://registry.npmjs.org/process-nextick-args 64ms (cache miss)
271 silly packumentCache full:https://registry.npmjs.org/process-nextick-args set size:undefined disposed:false
272 silly fetch manifest glob@^7.1.3
273 silly packumentCache full:https://registry.npmjs.org/glob cache-miss
274 http fetch GET 200 https://registry.npmjs.org/ms 71ms (cache miss)
275 silly packumentCache full:https://registry.npmjs.org/ms set size:undefined disposed:false
276 silly fetch manifest block-stream@*
277 silly packumentCache full:https://registry.npmjs.org/block-stream cache-miss
278 http fetch GET 200 https://registry.npmjs.org/mkdirp 73ms (cache miss)
279 silly packumentCache full:https://registry.npmjs.org/mkdirp set size:undefined disposed:false
280 http fetch GET 200 https://registry.npmjs.org/wrappy 78ms (cache miss)
281 silly packumentCache full:https://registry.npmjs.org/wrappy set size:undefined disposed:false
282 http fetch GET 200 https://registry.npmjs.org/minimatch 82ms (cache miss)
283 silly packumentCache full:https://registry.npmjs.org/minimatch set size:undefined disposed:false
284 http fetch GET 200 https://registry.npmjs.org/util-deprecate 59ms (cache miss)
285 silly packumentCache full:https://registry.npmjs.org/util-deprecate set size:undefined disposed:false
286 http fetch GET 200 https://registry.npmjs.org/safe-buffer 71ms (cache miss)
287 silly packumentCache full:https://registry.npmjs.org/safe-buffer set size:undefined disposed:false
288 http fetch GET 200 https://registry.npmjs.org/block-stream 48ms (cache miss)
289 silly packumentCache full:https://registry.npmjs.org/block-stream set size:undefined disposed:false
290 http fetch GET 200 https://registry.npmjs.org/glob 74ms (cache miss)
291 silly packumentCache full:https://registry.npmjs.org/glob set size:undefined disposed:false
292 silly placeDep ROOT ms@2.0.0 OK for: debug@2.6.9 want: 2.0.0
293 silly placeDep ROOT mkdirp@0.5.6 OK for: fstream@1.0.12 want: >=0.5 0
294 silly fetch manifest minimist@^1.2.6
295 silly packumentCache full:https://registry.npmjs.org/minimist cache-miss
296 http fetch GET 200 https://registry.npmjs.org/minimist 50ms (cache miss)
297 silly packumentCache full:https://registry.npmjs.org/minimist set size:undefined disposed:false
298 silly placeDep ROOT minimatch@3.1.2 OK for: fstream-ignore@1.0.5 want: ^3.0.0
299 silly fetch manifest brace-expansion@^1.1.7
300 silly packumentCache full:https://registry.npmjs.org/brace-expansion cache-miss
301 http fetch GET 200 https://registry.npmjs.org/brace-expansion 51ms (cache miss)
302 silly packumentCache full:https://registry.npmjs.org/brace-expansion set size:undefined disposed:false
303 silly placeDep ROOT brace-expansion@1.1.11 OK for: minimatch@3.1.2 want: ^1.1.7
304 silly fetch manifest balanced-match@^1.0.0
305 silly packumentCache full:https://registry.npmjs.org/balanced-match cache-miss
306 silly fetch manifest concat-map@0.0.1
307 silly packumentCache full:https://registry.npmjs.org/concat-map cache-miss
308 http fetch GET 200 https://registry.npmjs.org/balanced-match 45ms (cache miss)
309 silly packumentCache full:https://registry.npmjs.org/balanced-match set size:undefined disposed:false
310 http fetch GET 200 https://registry.npmjs.org/concat-map 317ms (cache miss)
311 silly packumentCache full:https://registry.npmjs.org/concat-map set size:undefined disposed:false
312 silly placeDep ROOT balanced-match@1.0.2 OK for: brace-expansion@1.1.11 want: ^1.0.0
313 silly placeDep ROOT concat-map@0.0.1 OK for: brace-expansion@1.1.11 want: 0.0.1
314 silly placeDep ROOT minimist@1.2.8 OK for: mkdirp@0.5.6 want: ^1.2.6
315 silly placeDep ROOT wrappy@1.0.2 OK for: once@1.4.0 want: 1
316 silly placeDep ROOT glob@7.2.3 OK for: rimraf@2.7.1 want: ^7.1.3
317 silly fetch manifest fs.realpath@^1.0.0
318 silly packumentCache full:https://registry.npmjs.org/fs.realpath cache-miss
319 silly fetch manifest inflight@^1.0.4
320 silly packumentCache full:https://registry.npmjs.org/inflight cache-miss
321 silly fetch manifest path-is-absolute@^1.0.0
322 silly packumentCache full:https://registry.npmjs.org/path-is-absolute cache-miss
323 http fetch GET 200 https://registry.npmjs.org/path-is-absolute 53ms (cache miss)
324 silly packumentCache full:https://registry.npmjs.org/path-is-absolute set size:undefined disposed:false
325 http fetch GET 200 https://registry.npmjs.org/fs.realpath 62ms (cache miss)
326 silly packumentCache full:https://registry.npmjs.org/fs.realpath set size:undefined disposed:false
327 http fetch GET 200 https://registry.npmjs.org/inflight 63ms (cache miss)
328 silly packumentCache full:https://registry.npmjs.org/inflight set size:undefined disposed:false
329 silly placeDep ROOT fs.realpath@1.0.0 OK for: glob@7.2.3 want: ^1.0.0
330 silly placeDep ROOT inflight@1.0.6 OK for: glob@7.2.3 want: ^1.0.4
331 silly placeDep ROOT path-is-absolute@1.0.1 OK for: glob@7.2.3 want: ^1.0.0
332 silly placeDep ROOT block-stream@0.0.9 OK for: tar@2.2.2 want: *
333 silly placeDep node_modules/through2 readable-stream@1.0.34 OK for: through2@0.6.5 want: >=1.0.33-1 <1.1.0-0
334 silly placeDep ROOT xtend@4.0.2 OK for: through2@0.6.5 want: >=4.0.0 <4.1.0-0
335 silly placeDep ROOT builtins@1.0.3 OK for: validate-npm-package-name@3.0.0 want: ^1.0.3
336 silly placeDep ROOT isexe@2.0.0 OK for: which@2.0.2 want: ^2.0.0
337 silly placeDep node_modules/tar-pack isarray@1.0.0 OK for: readable-stream@2.3.8 want: ~1.0.0
338 silly placeDep ROOT process-nextick-args@2.0.1 OK for: readable-stream@2.3.8 want: ~2.0.0
339 silly placeDep ROOT safe-buffer@5.1.2 OK for: readable-stream@2.3.8 want: ~5.1.1
340 silly placeDep node_modules/tar-pack string_decoder@1.1.1 OK for: readable-stream@2.3.8 want: ~1.1.1
341 silly placeDep ROOT util-deprecate@1.0.2 OK for: readable-stream@2.3.8 want: ~1.0.1
342 silly reify moves {}
343 silly audit bulk request {
343 silly audit   'create-react-app': [ '5.0.1' ],
343 silly audit   chalk: [ '4.1.2' ],
343 silly audit   commander: [ '4.1.1' ],
343 silly audit   'cross-spawn': [ '7.0.3' ],
343 silly audit   envinfo: [ '7.13.0' ],
343 silly audit   'fs-extra': [ '10.1.0' ],
343 silly audit   hyperquest: [ '2.1.3' ],
343 silly audit   prompts: [ '2.4.2' ],
343 silly audit   semver: [ '7.6.2' ],
343 silly audit   'tar-pack': [ '3.4.1' ],
343 silly audit   tmp: [ '0.2.3' ],
343 silly audit   'validate-npm-package-name': [ '3.0.0' ],
343 silly audit   'ansi-styles': [ '4.3.0' ],
343 silly audit   'supports-color': [ '7.2.0' ],
343 silly audit   'color-convert': [ '2.0.1' ],
343 silly audit   'color-name': [ '1.1.4' ],
343 silly audit   'path-key': [ '3.1.1' ],
343 silly audit   'shebang-command': [ '2.0.0' ],
343 silly audit   which: [ '2.0.2' ],
343 silly audit   'graceful-fs': [ '4.2.11' ],
343 silly audit   jsonfile: [ '6.1.0' ],
343 silly audit   universalify: [ '2.0.1' ],
343 silly audit   'buffer-from': [ '0.1.2' ],
343 silly audit   duplexer2: [ '0.0.2' ],
343 silly audit   through2: [ '0.6.5' ],
343 silly audit   'readable-stream': [ '1.1.14', '2.3.8', '1.0.34' ],
343 silly audit   kleur: [ '3.0.3' ],
343 silly audit   sisteransi: [ '1.0.5' ],
343 silly audit   'core-util-is': [ '1.0.3' ],
343 silly audit   inherits: [ '2.0.4' ],
343 silly audit   isarray: [ '0.0.1', '1.0.0' ],
343 silly audit   string_decoder: [ '0.10.31', '1.1.1' ],
343 silly audit   'shebang-regex': [ '3.0.0' ],
343 silly audit   'has-flag': [ '4.0.0' ],
343 silly audit   debug: [ '2.6.9' ],
343 silly audit   fstream: [ '1.0.12' ],
343 silly audit   'fstream-ignore': [ '1.0.5' ],
343 silly audit   once: [ '1.4.0' ],
343 silly audit   rimraf: [ '2.7.1' ],
343 silly audit   tar: [ '2.2.2' ],
343 silly audit   'uid-number': [ '0.0.6' ],
343 silly audit   ms: [ '2.0.0' ],
343 silly audit   mkdirp: [ '0.5.6' ],
343 silly audit   minimatch: [ '3.1.2' ],
343 silly audit   'brace-expansion': [ '1.1.11' ],
343 silly audit   'balanced-match': [ '1.0.2' ],
343 silly audit   'concat-map': [ '0.0.1' ],
343 silly audit   minimist: [ '1.2.8' ],
343 silly audit   wrappy: [ '1.0.2' ],
343 silly audit   glob: [ '7.2.3' ],
343 silly audit   'fs.realpath': [ '1.0.0' ],
343 silly audit   inflight: [ '1.0.6' ],
343 silly audit   'path-is-absolute': [ '1.0.1' ],
343 silly audit   'block-stream': [ '0.0.9' ],
343 silly audit   xtend: [ '4.0.2' ],
343 silly audit   builtins: [ '1.0.3' ],
343 silly audit   isexe: [ '2.0.0' ],
343 silly audit   'process-nextick-args': [ '2.0.1' ],
343 silly audit   'safe-buffer': [ '5.1.2' ],
343 silly audit   'util-deprecate': [ '1.0.2' ]
343 silly audit }
344 silly tarball no local data for util-deprecate@https://registry.npmjs.org/util-deprecate/-/util-deprecate-1.0.2.tgz. Extracting by manifest.
345 silly tarball no local data for safe-buffer@https://registry.npmjs.org/safe-buffer/-/safe-buffer-5.1.2.tgz. Extracting by manifest.
346 silly tarball no local data for isexe@https://registry.npmjs.org/isexe/-/isexe-2.0.0.tgz. Extracting by manifest.
347 silly tarball no local data for process-nextick-args@https://registry.npmjs.org/process-nextick-args/-/process-nextick-args-2.0.1.tgz. Extracting by manifest.
348 silly tarball no local data for builtins@https://registry.npmjs.org/builtins/-/builtins-1.0.3.tgz. Extracting by manifest.
349 silly tarball no local data for xtend@https://registry.npmjs.org/xtend/-/xtend-4.0.2.tgz. Extracting by manifest.
350 silly tarball no local data for path-is-absolute@https://registry.npmjs.org/path-is-absolute/-/path-is-absolute-1.0.1.tgz. Extracting by manifest.
351 silly tarball no local data for inflight@https://registry.npmjs.org/inflight/-/inflight-1.0.6.tgz. Extracting by manifest.
352 silly tarball no local data for block-stream@https://registry.npmjs.org/block-stream/-/block-stream-0.0.9.tgz. Extracting by manifest.
353 silly tarball no local data for fs.realpath@https://registry.npmjs.org/fs.realpath/-/fs.realpath-1.0.0.tgz. Extracting by manifest.
354 silly tarball no local data for wrappy@https://registry.npmjs.org/wrappy/-/wrappy-1.0.2.tgz. Extracting by manifest.
355 silly tarball no local data for glob@https://registry.npmjs.org/glob/-/glob-7.2.3.tgz. Extracting by manifest.
356 silly tarball no local data for minimist@https://registry.npmjs.org/minimist/-/minimist-1.2.8.tgz. Extracting by manifest.
357 silly tarball no local data for concat-map@https://registry.npmjs.org/concat-map/-/concat-map-0.0.1.tgz. Extracting by manifest.
358 silly tarball no local data for balanced-match@https://registry.npmjs.org/balanced-match/-/balanced-match-1.0.2.tgz. Extracting by manifest.
359 silly tarball no local data for brace-expansion@https://registry.npmjs.org/brace-expansion/-/brace-expansion-1.1.11.tgz. Extracting by manifest.
360 silly tarball no local data for mkdirp@https://registry.npmjs.org/mkdirp/-/mkdirp-0.5.6.tgz. Extracting by manifest.
361 silly tarball no local data for minimatch@https://registry.npmjs.org/minimatch/-/minimatch-3.1.2.tgz. Extracting by manifest.
362 silly tarball no local data for ms@https://registry.npmjs.org/ms/-/ms-2.0.0.tgz. Extracting by manifest.
363 silly tarball no local data for tar@https://registry.npmjs.org/tar/-/tar-2.2.2.tgz. Extracting by manifest.
364 silly tarball no local data for rimraf@https://registry.npmjs.org/rimraf/-/rimraf-2.7.1.tgz. Extracting by manifest.
365 silly tarball no local data for once@https://registry.npmjs.org/once/-/once-1.4.0.tgz. Extracting by manifest.
366 silly tarball no local data for fstream-ignore@https://registry.npmjs.org/fstream-ignore/-/fstream-ignore-1.0.5.tgz. Extracting by manifest.
367 silly tarball no local data for fstream@https://registry.npmjs.org/fstream/-/fstream-1.0.12.tgz. Extracting by manifest.
368 silly tarball no local data for debug@https://registry.npmjs.org/debug/-/debug-2.6.9.tgz. Extracting by manifest.
369 silly tarball no local data for has-flag@https://registry.npmjs.org/has-flag/-/has-flag-4.0.0.tgz. Extracting by manifest.
370 silly tarball no local data for shebang-regex@https://registry.npmjs.org/shebang-regex/-/shebang-regex-3.0.0.tgz. Extracting by manifest.
371 silly tarball no local data for string_decoder@https://registry.npmjs.org/string_decoder/-/string_decoder-0.10.31.tgz. Extracting by manifest.
372 silly tarball no local data for isarray@https://registry.npmjs.org/isarray/-/isarray-0.0.1.tgz. Extracting by manifest.
373 silly tarball no local data for inherits@https://registry.npmjs.org/inherits/-/inherits-2.0.4.tgz. Extracting by manifest.
374 silly tarball no local data for core-util-is@https://registry.npmjs.org/core-util-is/-/core-util-is-1.0.3.tgz. Extracting by manifest.
375 silly tarball no local data for sisteransi@https://registry.npmjs.org/sisteransi/-/sisteransi-1.0.5.tgz. Extracting by manifest.
376 silly tarball no local data for readable-stream@https://registry.npmjs.org/readable-stream/-/readable-stream-1.1.14.tgz. Extracting by manifest.
377 silly tarball no local data for through2@https://registry.npmjs.org/through2/-/through2-0.6.5.tgz. Extracting by manifest.
378 silly tarball no local data for kleur@https://registry.npmjs.org/kleur/-/kleur-3.0.3.tgz. Extracting by manifest.
379 silly tarball no local data for uid-number@https://registry.npmjs.org/uid-number/-/uid-number-0.0.6.tgz. Extracting by manifest.
380 silly tarball no local data for duplexer2@https://registry.npmjs.org/duplexer2/-/duplexer2-0.0.2.tgz. Extracting by manifest.
381 silly tarball no local data for buffer-from@https://registry.npmjs.org/buffer-from/-/buffer-from-0.1.2.tgz. Extracting by manifest.
382 silly tarball no local data for graceful-fs@https://registry.npmjs.org/graceful-fs/-/graceful-fs-4.2.11.tgz. Extracting by manifest.
383 silly tarball no local data for universalify@https://registry.npmjs.org/universalify/-/universalify-2.0.1.tgz. Extracting by manifest.
384 silly tarball no local data for which@https://registry.npmjs.org/which/-/which-2.0.2.tgz. Extracting by manifest.
385 silly tarball no local data for shebang-command@https://registry.npmjs.org/shebang-command/-/shebang-command-2.0.0.tgz. Extracting by manifest.
386 silly tarball no local data for path-key@https://registry.npmjs.org/path-key/-/path-key-3.1.1.tgz. Extracting by manifest.
387 silly tarball no local data for color-name@https://registry.npmjs.org/color-name/-/color-name-1.1.4.tgz. Extracting by manifest.
388 silly tarball no local data for color-convert@https://registry.npmjs.org/color-convert/-/color-convert-2.0.1.tgz. Extracting by manifest.
389 silly tarball no local data for supports-color@https://registry.npmjs.org/supports-color/-/supports-color-7.2.0.tgz. Extracting by manifest.
390 silly tarball no local data for ansi-styles@https://registry.npmjs.org/ansi-styles/-/ansi-styles-4.3.0.tgz. Extracting by manifest.
391 silly tarball no local data for tar-pack@https://registry.npmjs.org/tar-pack/-/tar-pack-3.4.1.tgz. Extracting by manifest.
392 silly tarball no local data for validate-npm-package-name@https://registry.npmjs.org/validate-npm-package-name/-/validate-npm-package-name-3.0.0.tgz. Extracting by manifest.
393 silly tarball no local data for prompts@https://registry.npmjs.org/prompts/-/prompts-2.4.2.tgz. Extracting by manifest.
394 silly tarball no local data for tmp@https://registry.npmjs.org/tmp/-/tmp-0.2.3.tgz. Extracting by manifest.
395 silly tarball no local data for semver@https://registry.npmjs.org/semver/-/semver-7.6.2.tgz. Extracting by manifest.
396 silly tarball no local data for hyperquest@https://registry.npmjs.org/hyperquest/-/hyperquest-2.1.3.tgz. Extracting by manifest.
397 silly tarball no local data for fs-extra@https://registry.npmjs.org/fs-extra/-/fs-extra-10.1.0.tgz. Extracting by manifest.
398 silly tarball no local data for envinfo@https://registry.npmjs.org/envinfo/-/envinfo-7.13.0.tgz. Extracting by manifest.
399 silly tarball no local data for cross-spawn@https://registry.npmjs.org/cross-spawn/-/cross-spawn-7.0.3.tgz. Extracting by manifest.
400 silly tarball no local data for commander@https://registry.npmjs.org/commander/-/commander-4.1.1.tgz. Extracting by manifest.
401 silly tarball no local data for chalk@https://registry.npmjs.org/chalk/-/chalk-4.1.2.tgz. Extracting by manifest.
402 silly tarball no local data for create-react-app@https://registry.npmjs.org/create-react-app/-/create-react-app-5.0.1.tgz. Extracting by manifest.
403 silly tarball no local data for readable-stream@https://registry.npmjs.org/readable-stream/-/readable-stream-1.0.34.tgz. Extracting by manifest.
404 silly tarball no local data for string_decoder@https://registry.npmjs.org/string_decoder/-/string_decoder-1.1.1.tgz. Extracting by manifest.
405 silly tarball no local data for isarray@https://registry.npmjs.org/isarray/-/isarray-1.0.0.tgz. Extracting by manifest.
406 silly tarball no local data for readable-stream@https://registry.npmjs.org/readable-stream/-/readable-stream-2.3.8.tgz. Extracting by manifest.
407 silly tarball no local data for jsonfile@https://registry.npmjs.org/jsonfile/-/jsonfile-6.1.0.tgz. Extracting by manifest.
408 http fetch POST 200 https://registry.npmjs.org/-/npm/v1/security/advisories/bulk 155ms
409 silly audit report {
409 silly audit report   tar: [
409 silly audit report     {
409 silly audit report       id: 1089685,
409 silly audit report       url: 'https://github.com/advisories/GHSA-3jfq-g458-7qm9',
409 silly audit report       title: 'Arbitrary File Creation/Overwrite due to insufficient absolute path sanitization',
409 silly audit report       severity: 'high',
409 silly audit report       vulnerable_versions: '<3.2.2',
409 silly audit report       cwe: [Array],
409 silly audit report       cvss: [Object]
409 silly audit report     },
409 silly audit report     {
409 silly audit report       id: 1095117,
409 silly audit report       url: 'https://github.com/advisories/GHSA-5955-9wpr-37jh',
409 silly audit report       title: 'Arbitrary File Creation/Overwrite on Windows via insufficient relative path sanitization',
409 silly audit report       severity: 'high',
409 silly audit report       vulnerable_versions: '<4.4.18',
409 silly audit report       cwe: [Array],
409 silly audit report       cvss: [Object]
409 silly audit report     },
409 silly audit report     {
409 silly audit report       id: 1097493,
409 silly audit report       url: 'https://github.com/advisories/GHSA-f5x3-32g6-xq36',
409 silly audit report       title: 'Denial of service while parsing a tar file due to lack of folders count validation',
409 silly audit report       severity: 'moderate',
409 silly audit report       vulnerable_versions: '<6.2.1',
409 silly audit report       cwe: [Array],
409 silly audit report       cvss: [Object]
409 silly audit report     }
409 silly audit report   ]
409 silly audit report }
410 silly packumentCache corgi:https://registry.npmjs.org/tar cache-miss
411 http fetch GET 200 https://registry.npmjs.org/safe-buffer/-/safe-buffer-5.1.2.tgz 180ms (cache miss)
412 http fetch GET 200 https://registry.npmjs.org/builtins/-/builtins-1.0.3.tgz 191ms (cache miss)
413 http fetch GET 200 https://registry.npmjs.org/process-nextick-args/-/process-nextick-args-2.0.1.tgz 198ms (cache miss)
414 http fetch GET 200 https://registry.npmjs.org/util-deprecate/-/util-deprecate-1.0.2.tgz 200ms (cache miss)
415 http fetch GET 200 https://registry.npmjs.org/xtend/-/xtend-4.0.2.tgz 199ms (cache miss)
416 http fetch GET 200 https://registry.npmjs.org/isexe/-/isexe-2.0.0.tgz 201ms (cache miss)
417 http fetch GET 200 https://registry.npmjs.org/mkdirp/-/mkdirp-0.5.6.tgz 205ms (cache miss)
418 http fetch GET 200 https://registry.npmjs.org/balanced-match/-/balanced-match-1.0.2.tgz 224ms (cache miss)
419 http fetch GET 200 https://registry.npmjs.org/brace-expansion/-/brace-expansion-1.1.11.tgz 224ms (cache miss)
420 http fetch GET 200 https://registry.npmjs.org/once/-/once-1.4.0.tgz 244ms (cache miss)
421 http fetch GET 200 https://registry.npmjs.org/minimatch/-/minimatch-3.1.2.tgz 259ms (cache miss)
422 http fetch GET 200 https://registry.npmjs.org/rimraf/-/rimraf-2.7.1.tgz 255ms (cache miss)
423 http fetch GET 200 https://registry.npmjs.org/ms/-/ms-2.0.0.tgz 262ms (cache miss)
424 http fetch GET 200 https://registry.npmjs.org/fstream-ignore/-/fstream-ignore-1.0.5.tgz 265ms (cache miss)
425 warn deprecated fstream-ignore@1.0.5: This package is no longer supported.
426 warn deprecated rimraf@2.7.1: Rimraf versions prior to v4 are no longer supported
427 http fetch GET 200 https://registry.npmjs.org/inflight/-/inflight-1.0.6.tgz 338ms (cache miss)
428 warn deprecated inflight@1.0.6: This module is not supported, and leaks memory. Do not use it. Check out lru-cache if you want a good and tested way to coalesce async requests by a key value, which is much more comprehensive and powerful.
429 http fetch GET 200 https://registry.npmjs.org/path-is-absolute/-/path-is-absolute-1.0.1.tgz 359ms (cache miss)
430 http fetch GET 200 https://registry.npmjs.org/has-flag/-/has-flag-4.0.0.tgz 378ms (cache miss)
431 http fetch GET 200 https://registry.npmjs.org/inherits/-/inherits-2.0.4.tgz 376ms (cache miss)
432 http fetch GET 200 https://registry.npmjs.org/isarray/-/isarray-0.0.1.tgz 381ms (cache miss)
433 http fetch GET 200 https://registry.npmjs.org/core-util-is/-/core-util-is-1.0.3.tgz 380ms (cache miss)
434 http fetch GET 200 https://registry.npmjs.org/string_decoder/-/string_decoder-0.10.31.tgz 382ms (cache miss)
435 http fetch GET 200 https://registry.npmjs.org/block-stream/-/block-stream-0.0.9.tgz 414ms (cache miss)
436 http fetch GET 200 https://registry.npmjs.org/wrappy/-/wrappy-1.0.2.tgz 412ms (cache miss)
437 http fetch GET 200 https://registry.npmjs.org/shebang-regex/-/shebang-regex-3.0.0.tgz 395ms (cache miss)
438 http fetch GET 200 https://registry.npmjs.org/fs.realpath/-/fs.realpath-1.0.0.tgz 419ms (cache miss)
439 http fetch GET 200 https://registry.npmjs.org/sisteransi/-/sisteransi-1.0.5.tgz 399ms (cache miss)
440 http fetch GET 200 https://registry.npmjs.org/uid-number/-/uid-number-0.0.6.tgz 401ms (cache miss)
441 http fetch GET 200 https://registry.npmjs.org/buffer-from/-/buffer-from-0.1.2.tgz 402ms (cache miss)
442 http fetch GET 200 https://registry.npmjs.org/duplexer2/-/duplexer2-0.0.2.tgz 403ms (cache miss)
443 http fetch GET 200 https://registry.npmjs.org/through2/-/through2-0.6.5.tgz 405ms (cache miss)
444 http fetch GET 200 https://registry.npmjs.org/color-name/-/color-name-1.1.4.tgz 441ms (cache miss)
445 http fetch GET 200 https://registry.npmjs.org/shebang-command/-/shebang-command-2.0.0.tgz 446ms (cache miss)
446 http fetch GET 200 https://registry.npmjs.org/supports-color/-/supports-color-7.2.0.tgz 443ms (cache miss)
447 http fetch GET 200 https://registry.npmjs.org/universalify/-/universalify-2.0.1.tgz 449ms (cache miss)
448 http fetch GET 200 https://registry.npmjs.org/kleur/-/kleur-3.0.3.tgz 455ms (cache miss)
449 warn deprecated uid-number@0.0.6: This package is no longer supported.
450 http fetch GET 200 https://registry.npmjs.org/ansi-styles/-/ansi-styles-4.3.0.tgz 450ms (cache miss)
451 http fetch GET 200 https://registry.npmjs.org/concat-map/-/concat-map-0.0.1.tgz 480ms (cache miss)
452 http fetch GET 200 https://registry.npmjs.org/path-key/-/path-key-3.1.1.tgz 456ms (cache miss)
453 http fetch GET 200 https://registry.npmjs.org/tmp/-/tmp-0.2.3.tgz 450ms (cache miss)
454 http fetch GET 200 https://registry.npmjs.org/which/-/which-2.0.2.tgz 463ms (cache miss)
455 http fetch GET 200 https://registry.npmjs.org/hyperquest/-/hyperquest-2.1.3.tgz 452ms (cache miss)
456 http fetch GET 200 https://registry.npmjs.org/string_decoder/-/string_decoder-1.1.1.tgz 449ms (cache miss)
457 http fetch GET 200 https://registry.npmjs.org/chalk/-/chalk-4.1.2.tgz 452ms (cache miss)
458 http fetch GET 200 https://registry.npmjs.org/jsonfile/-/jsonfile-6.1.0.tgz 451ms (cache miss)
459 http fetch GET 200 https://registry.npmjs.org/isarray/-/isarray-1.0.0.tgz 457ms (cache miss)
460 http fetch GET 200 https://registry.npmjs.org/tar 401ms (cache miss)
461 silly packumentCache corgi:https://registry.npmjs.org/tar set size:undefined disposed:false
462 http fetch GET 200 https://registry.npmjs.org/color-convert/-/color-convert-2.0.1.tgz 504ms (cache miss)
463 http fetch GET 200 https://registry.npmjs.org/create-react-app/-/create-react-app-5.0.1.tgz 493ms (cache miss)
464 http fetch GET 200 https://registry.npmjs.org/envinfo/-/envinfo-7.13.0.tgz 501ms (cache miss)
465 http fetch GET 200 https://registry.npmjs.org/graceful-fs/-/graceful-fs-4.2.11.tgz 519ms (cache miss)
466 http fetch GET 200 https://registry.npmjs.org/glob/-/glob-7.2.3.tgz 545ms (cache miss)
467 warn deprecated glob@7.2.3: Glob versions prior to v9 are no longer supported
468 http fetch GET 200 https://registry.npmjs.org/validate-npm-package-name/-/validate-npm-package-name-3.0.0.tgz 524ms (cache miss)
469 silly packumentCache corgi:https://registry.npmjs.org/tar-pack cache-miss
470 http fetch GET 200 https://registry.npmjs.org/tar-pack/-/tar-pack-3.4.1.tgz 541ms (cache miss)
471 http fetch GET 200 https://registry.npmjs.org/cross-spawn/-/cross-spawn-7.0.3.tgz 536ms (cache miss)
472 http fetch GET 200 https://registry.npmjs.org/commander/-/commander-4.1.1.tgz 540ms (cache miss)
473 http fetch GET 200 https://registry.npmjs.org/debug/-/debug-2.6.9.tgz 567ms (cache miss)
474 http fetch GET 200 https://registry.npmjs.org/readable-stream/-/readable-stream-1.1.14.tgz 574ms (cache miss)
475 http fetch GET 200 https://registry.npmjs.org/readable-stream/-/readable-stream-1.0.34.tgz 554ms (cache miss)
476 http fetch GET 200 https://registry.npmjs.org/fstream/-/fstream-1.0.12.tgz 586ms (cache miss)
477 warn deprecated fstream@1.0.12: This package is no longer supported.
478 http fetch GET 200 https://registry.npmjs.org/minimist/-/minimist-1.2.8.tgz 609ms (cache miss)
479 http fetch GET 200 https://registry.npmjs.org/readable-stream/-/readable-stream-2.3.8.tgz 577ms (cache miss)
480 http fetch GET 200 https://registry.npmjs.org/fs-extra/-/fs-extra-10.1.0.tgz 596ms (cache miss)
481 http fetch GET 200 https://registry.npmjs.org/tar-pack 78ms (cache miss)
482 silly packumentCache corgi:https://registry.npmjs.org/tar-pack set size:undefined disposed:false
483 silly packumentCache corgi:https://registry.npmjs.org/create-react-app cache-miss
484 http fetch GET 200 https://registry.npmjs.org/create-react-app 8ms (cache hit)
485 silly packumentCache corgi:https://registry.npmjs.org/create-react-app set size:135957 disposed:false
486 http fetch GET 200 https://registry.npmjs.org/semver/-/semver-7.6.2.tgz 643ms (cache miss)
487 http fetch GET 200 https://registry.npmjs.org/prompts/-/prompts-2.4.2.tgz 679ms (cache miss)
488 http fetch GET 200 https://registry.npmjs.org/tar/-/tar-2.2.2.tgz 733ms (cache miss)
489 warn deprecated tar@2.2.2: This version of tar is no longer supported, and will not receive security updates. Please upgrade asap.
490 verbose cwd C:\Users\tdavi\.vscode\GitHub-Actions-Demo-1\04-using-actions
491 verbose os Windows_NT 10.0.19045
492 verbose node v20.14.0
493 verbose npm  v10.8.1
494 verbose exit 0
495 info ok
