0 verbose cli C:\Program Files\nodejs\node.exe C:\Users\tdavi\AppData\Roaming\npm\node_modules\npm\bin\npm-cli.js
1 info using npm@10.8.1
2 info using node@v20.14.0
3 silly config load:file:C:\Users\tdavi\AppData\Roaming\npm\node_modules\npm\npmrc
4 silly config load:file:C:\Users\tdavi\.vscode\GitHub-Actions-Demo-1\04-using-actions\react-app\.npmrc
5 silly config load:file:C:\Users\tdavi\.npmrc
6 silly config load:file:C:\Users\tdavi\AppData\Roaming\npm\etc\npmrc
7 verbose title npm install @testing-library/jest-dom@^5.14.1 @testing-library/react@^13.0.0 @testing-library/user-event@^13.2.1 @types/jest@^27.0.1 @types/node@^16.7.13 @types/react@^18.0.0 @types/react-dom@^18.0.0 typescript@^4.4.2 web-vitals@^2.1.0
8 verbose argv "install" "--no-audit" "--save" "@testing-library/jest-dom@^5.14.1" "@testing-library/react@^13.0.0" "@testing-library/user-event@^13.2.1" "@types/jest@^27.0.1" "@types/node@^16.7.13" "@types/react@^18.0.0" "@types/react-dom@^18.0.0" "typescript@^4.4.2" "web-vitals@^2.1.0"
9 verbose logfile logs-max:10 dir:C:\Users\tdavi\.vscode\GitHub-Actions-Demo-1\04-using-actions\UserstdaviAppDataLocalnpm-cache\_logs\2024-06-15T23_03_56_094Z-
10 verbose logfile C:\Users\tdavi\.vscode\GitHub-Actions-Demo-1\04-using-actions\UserstdaviAppDataLocalnpm-cache\_logs\2024-06-15T23_03_56_094Z-debug-0.log
11 silly packumentCache heap:4345298944 maxSize:1086324736 maxEntrySize:543162368
12 silly logfile done cleaning log files
13 silly idealTree buildDeps
14 silly fetch manifest @testing-library/jest-dom@^5.14.1
15 silly packumentCache full:https://registry.npmjs.org/@testing-library%2fjest-dom cache-miss
16 http fetch GET 200 https://registry.npmjs.org/@testing-library%2fjest-dom 549ms (cache miss)
17 silly packumentCache full:https://registry.npmjs.org/@testing-library%2fjest-dom set size:undefined disposed:false
18 silly fetch manifest @testing-library/react@^13.0.0
19 silly packumentCache full:https://registry.npmjs.org/@testing-library%2freact cache-miss
20 http fetch GET 200 https://registry.npmjs.org/@testing-library%2freact 138ms (cache miss)
21 silly packumentCache full:https://registry.npmjs.org/@testing-library%2freact set size:undefined disposed:false
22 silly fetch manifest react@^18.3.1
23 silly packumentCache full:https://registry.npmjs.org/react cache-miss
24 http fetch GET 200 https://registry.npmjs.org/react 27ms (cache hit)
25 silly packumentCache full:https://registry.npmjs.org/react set size:6368760 disposed:false
26 silly fetch manifest react-dom@^18.3.1
27 silly packumentCache full:https://registry.npmjs.org/react-dom cache-miss
28 http fetch GET 200 https://registry.npmjs.org/react-dom 17ms (cache hit)
29 silly packumentCache full:https://registry.npmjs.org/react-dom set size:7271715 disposed:false
30 silly fetch manifest @testing-library/user-event@^13.2.1
31 silly packumentCache full:https://registry.npmjs.org/@testing-library%2fuser-event cache-miss
32 http fetch GET 200 https://registry.npmjs.org/@testing-library%2fuser-event 136ms (cache miss)
33 silly packumentCache full:https://registry.npmjs.org/@testing-library%2fuser-event set size:undefined disposed:false
34 silly fetch manifest @testing-library/dom@>=7.21.4
35 silly packumentCache full:https://registry.npmjs.org/@testing-library%2fdom cache-miss
36 http fetch GET 200 https://registry.npmjs.org/@testing-library%2fdom 133ms (cache miss)
37 silly packumentCache full:https://registry.npmjs.org/@testing-library%2fdom set size:undefined disposed:false
38 silly fetch manifest @types/jest@^27.0.1
39 silly packumentCache full:https://registry.npmjs.org/@types%2fjest cache-miss
40 http fetch GET 200 https://registry.npmjs.org/@types%2fjest 83ms (cache miss)
41 silly packumentCache full:https://registry.npmjs.org/@types%2fjest set size:undefined disposed:false
42 silly fetch manifest @types/node@^16.7.13
43 silly packumentCache full:https://registry.npmjs.org/@types%2fnode cache-miss
44 http fetch GET 200 https://registry.npmjs.org/@types%2fnode 19ms (cache hit)
45 silly packumentCache full:https://registry.npmjs.org/@types%2fnode set size:8755894 disposed:false
46 silly fetch manifest @types/react@^18.0.0
47 silly packumentCache full:https://registry.npmjs.org/@types%2freact cache-miss
48 http fetch GET 200 https://registry.npmjs.org/@types%2freact 96ms (cache miss)
49 silly packumentCache full:https://registry.npmjs.org/@types%2freact set size:undefined disposed:false
50 silly fetch manifest @types/react-dom@^18.0.0
51 silly packumentCache full:https://registry.npmjs.org/@types%2freact-dom cache-miss
52 http fetch GET 200 https://registry.npmjs.org/@types%2freact-dom 70ms (cache miss)
53 silly packumentCache full:https://registry.npmjs.org/@types%2freact-dom set size:undefined disposed:false
54 silly fetch manifest typescript@^4.4.2
55 silly packumentCache full:https://registry.npmjs.org/typescript cache-miss
56 http fetch GET 200 https://registry.npmjs.org/typescript 41ms (cache hit)
57 silly packumentCache full:https://registry.npmjs.org/typescript set size:22692477 disposed:false
58 silly fetch manifest web-vitals@^2.1.0
59 silly packumentCache full:https://registry.npmjs.org/web-vitals cache-miss
60 http fetch GET 200 https://registry.npmjs.org/web-vitals 134ms (cache miss)
61 silly packumentCache full:https://registry.npmjs.org/web-vitals set size:undefined disposed:false
62 silly placeDep ROOT @testing-library/jest-dom@5.17.0 OK for: react-app@0.1.0 want: ^5.14.1
63 silly placeDep ROOT @testing-library/react@13.4.0 OK for: react-app@0.1.0 want: ^13.0.0
64 silly placeDep ROOT @testing-library/user-event@13.5.0 OK for: react-app@0.1.0 want: ^13.2.1
65 silly placeDep ROOT @testing-library/dom@10.1.0 OK for: @testing-library/user-event@13.5.0 want: >=7.21.4
66 silly placeDep ROOT @types/jest@27.5.2 OK for: react-app@0.1.0 want: ^27.0.1
67 silly placeDep ROOT @types/node@16.18.98 REPLACE for: react-app@0.1.0 want: ^16.7.13
68 silly placeDep ROOT @types/react@18.3.3 OK for: react-app@0.1.0 want: ^18.0.0
69 silly placeDep ROOT @types/react-dom@18.3.0 OK for: react-app@0.1.0 want: ^18.0.0
70 silly placeDep ROOT typescript@4.9.5 REPLACE for: react-app@0.1.0 want: ^4.4.2
71 silly placeDep ROOT web-vitals@2.1.4 OK for: react-app@0.1.0 want: ^2.1.0
72 silly fetch manifest chalk@^3.0.0
73 silly packumentCache full:https://registry.npmjs.org/chalk cache-miss
74 silly fetch manifest redent@^3.0.0
75 silly packumentCache full:https://registry.npmjs.org/redent cache-miss
76 silly fetch manifest css.escape@^1.5.1
77 silly packumentCache full:https://registry.npmjs.org/css.escape cache-miss
78 silly fetch manifest @adobe/css-tools@^4.0.1
79 silly packumentCache full:https://registry.npmjs.org/@adobe%2fcss-tools cache-miss
80 silly fetch manifest dom-accessibility-api@^0.5.6
81 silly packumentCache full:https://registry.npmjs.org/dom-accessibility-api cache-miss
82 silly fetch manifest @types/testing-library__jest-dom@^5.9.1
83 silly packumentCache full:https://registry.npmjs.org/@types%2ftesting-library__jest-dom cache-miss
84 silly fetch manifest @testing-library/dom@^8.5.0
85 silly packumentCache full:https://registry.npmjs.org/@testing-library%2fdom cache-miss
86 http fetch GET 200 https://registry.npmjs.org/chalk 18ms (cache hit)
87 silly packumentCache full:https://registry.npmjs.org/chalk set size:141416 disposed:false
88 silly fetch manifest @types/aria-query@^5.0.1
89 silly packumentCache full:https://registry.npmjs.org/@types%2faria-query cache-miss
90 http fetch GET 200 https://registry.npmjs.org/@testing-library%2fdom 26ms (cache hit)
91 silly packumentCache full:https://registry.npmjs.org/@testing-library%2fdom set size:2555328 disposed:false
92 silly fetch manifest chalk@^4.1.0
93 silly packumentCache full:https://registry.npmjs.org/chalk cache-hit
94 silly fetch manifest dom-accessibility-api@^0.5.9
95 silly packumentCache full:https://registry.npmjs.org/dom-accessibility-api cache-miss
96 http fetch GET 200 https://registry.npmjs.org/redent 56ms (cache miss)
97 silly packumentCache full:https://registry.npmjs.org/redent set size:undefined disposed:false
98 silly fetch manifest lz-string@^1.5.0
99 silly packumentCache full:https://registry.npmjs.org/lz-string cache-miss
100 http fetch GET 200 https://registry.npmjs.org/css.escape 352ms (cache miss)
101 silly packumentCache full:https://registry.npmjs.org/css.escape set size:undefined disposed:false
102 silly fetch manifest @types/prop-types@*
103 silly packumentCache full:https://registry.npmjs.org/@types%2fprop-types cache-miss
104 http fetch GET 200 https://registry.npmjs.org/dom-accessibility-api 321ms (cache miss)
105 silly packumentCache full:https://registry.npmjs.org/dom-accessibility-api set size:undefined disposed:false
106 silly fetch manifest csstype@^3.0.2
107 silly packumentCache full:https://registry.npmjs.org/csstype cache-miss
108 http fetch GET 200 https://registry.npmjs.org/dom-accessibility-api 374ms (cache miss)
109 silly packumentCache full:https://registry.npmjs.org/dom-accessibility-api set size:undefined disposed:false
110 http fetch GET 200 https://registry.npmjs.org/@types%2faria-query 372ms (cache miss)
111 silly packumentCache full:https://registry.npmjs.org/@types%2faria-query set size:undefined disposed:false
112 http fetch GET 200 https://registry.npmjs.org/@types%2ftesting-library__jest-dom 393ms (cache miss)
113 silly packumentCache full:https://registry.npmjs.org/@types%2ftesting-library__jest-dom set size:undefined disposed:false
114 http fetch GET 200 https://registry.npmjs.org/@adobe%2fcss-tools 426ms (cache miss)
115 silly packumentCache full:https://registry.npmjs.org/@adobe%2fcss-tools set size:undefined disposed:false
116 http fetch GET 200 https://registry.npmjs.org/@types%2fprop-types 75ms (cache miss)
117 silly packumentCache full:https://registry.npmjs.org/@types%2fprop-types set size:undefined disposed:false
118 http fetch GET 200 https://registry.npmjs.org/csstype 60ms (cache miss)
119 silly packumentCache full:https://registry.npmjs.org/csstype set size:undefined disposed:false
120 http fetch GET 200 https://registry.npmjs.org/lz-string 436ms (cache miss)
121 silly packumentCache full:https://registry.npmjs.org/lz-string set size:undefined disposed:false
122 silly placeDep ROOT @types/aria-query@5.0.4 OK for: @testing-library/dom@10.1.0 want: ^5.0.1
123 silly placeDep node_modules/@testing-library/dom chalk@4.1.2 OK for: @testing-library/dom@10.1.0 want: ^4.1.0
124 silly placeDep ROOT dom-accessibility-api@0.5.16 OK for: @testing-library/dom@10.1.0 want: ^0.5.9
125 silly placeDep ROOT lz-string@1.5.0 OK for: @testing-library/dom@10.1.0 want: ^1.5.0
126 silly fetch manifest ansi-styles@^4.1.0
127 silly packumentCache full:https://registry.npmjs.org/ansi-styles cache-miss
128 silly fetch manifest supports-color@^7.1.0
129 silly packumentCache full:https://registry.npmjs.org/supports-color cache-miss
130 http fetch GET 200 https://registry.npmjs.org/ansi-styles 7ms (cache hit)
131 silly packumentCache full:https://registry.npmjs.org/ansi-styles set size:66356 disposed:false
132 http fetch GET 200 https://registry.npmjs.org/supports-color 8ms (cache hit)
133 silly packumentCache full:https://registry.npmjs.org/supports-color set size:113904 disposed:false
134 silly placeDep ROOT @adobe/css-tools@4.4.0 OK for: @testing-library/jest-dom@5.17.0 want: ^4.0.1
135 silly placeDep ROOT @types/testing-library__jest-dom@5.14.9 OK for: @testing-library/jest-dom@5.17.0 want: ^5.9.1
136 silly placeDep node_modules/@testing-library/jest-dom chalk@3.0.0 OK for: @testing-library/jest-dom@5.17.0 want: ^3.0.0
137 silly placeDep ROOT css.escape@1.5.1 OK for: @testing-library/jest-dom@5.17.0 want: ^1.5.1
138 silly placeDep ROOT redent@3.0.0 OK for: @testing-library/jest-dom@5.17.0 want: ^3.0.0
139 silly fetch manifest indent-string@^4.0.0
140 silly packumentCache full:https://registry.npmjs.org/indent-string cache-miss
141 silly fetch manifest strip-indent@^3.0.0
142 silly packumentCache full:https://registry.npmjs.org/strip-indent cache-miss
143 http fetch GET 200 https://registry.npmjs.org/indent-string 45ms (cache miss)
144 silly packumentCache full:https://registry.npmjs.org/indent-string set size:undefined disposed:false
145 http fetch GET 200 https://registry.npmjs.org/strip-indent 55ms (cache miss)
146 silly packumentCache full:https://registry.npmjs.org/strip-indent set size:undefined disposed:false
147 silly placeDep node_modules/@testing-library/react @testing-library/dom@8.20.1 OK for: @testing-library/react@13.4.0 want: ^8.5.0
148 silly fetch manifest aria-query@5.1.3
149 silly packumentCache full:https://registry.npmjs.org/aria-query cache-miss
150 http fetch GET 200 https://registry.npmjs.org/aria-query 5ms (cache hit)
151 silly packumentCache full:https://registry.npmjs.org/aria-query set size:93018 disposed:false
152 silly placeDep ROOT @types/prop-types@15.7.12 OK for: @types/react@18.3.3 want: *
153 silly placeDep ROOT csstype@3.1.3 OK for: @types/react@18.3.3 want: ^3.0.2
154 silly placeDep ROOT indent-string@4.0.0 OK for: redent@3.0.0 want: ^4.0.0
155 silly placeDep ROOT strip-indent@3.0.0 OK for: redent@3.0.0 want: ^3.0.0
156 silly fetch manifest min-indent@^1.0.0
157 silly packumentCache full:https://registry.npmjs.org/min-indent cache-miss
158 http fetch GET 200 https://registry.npmjs.org/min-indent 45ms (cache miss)
159 silly packumentCache full:https://registry.npmjs.org/min-indent set size:undefined disposed:false
160 silly placeDep ROOT min-indent@1.0.1 OK for: strip-indent@3.0.0 want: ^1.0.0
161 silly placeDep node_modules/@testing-library/dom ansi-styles@4.3.0 OK for: chalk@4.1.2 want: ^4.1.0
162 silly placeDep node_modules/@testing-library/dom supports-color@7.2.0 OK for: chalk@4.1.2 want: ^7.1.0
163 silly fetch manifest color-convert@^2.0.1
164 silly packumentCache full:https://registry.npmjs.org/color-convert cache-miss
165 silly fetch manifest has-flag@^4.0.0
166 silly packumentCache full:https://registry.npmjs.org/has-flag cache-miss
167 http fetch GET 200 https://registry.npmjs.org/color-convert 5ms (cache hit)
168 silly packumentCache full:https://registry.npmjs.org/color-convert set size:61781 disposed:false
169 http fetch GET 200 https://registry.npmjs.org/has-flag 7ms (cache hit)
170 silly packumentCache full:https://registry.npmjs.org/has-flag set size:15180 disposed:false
171 silly placeDep node_modules/@testing-library/dom color-convert@2.0.1 OK for: ansi-styles@4.3.0 want: ^2.0.1
172 silly fetch manifest color-name@~1.1.4
173 silly packumentCache full:https://registry.npmjs.org/color-name cache-miss
174 http fetch GET 200 https://registry.npmjs.org/color-name 4ms (cache hit)
175 silly packumentCache full:https://registry.npmjs.org/color-name set size:16325 disposed:false
176 silly placeDep node_modules/@testing-library/dom color-name@1.1.4 OK for: color-convert@2.0.1 want: ~1.1.4
177 silly placeDep node_modules/@testing-library/dom has-flag@4.0.0 OK for: supports-color@7.2.0 want: ^4.0.0
178 silly placeDep node_modules/@testing-library/jest-dom ansi-styles@4.3.0 OK for: chalk@3.0.0 want: ^4.1.0
179 silly placeDep node_modules/@testing-library/jest-dom supports-color@7.2.0 OK for: chalk@3.0.0 want: ^7.1.0
180 silly placeDep node_modules/@testing-library/jest-dom color-convert@2.0.1 OK for: ansi-styles@4.3.0 want: ^2.0.1
181 silly placeDep node_modules/@testing-library/jest-dom color-name@1.1.4 OK for: color-convert@2.0.1 want: ~1.1.4
182 silly placeDep node_modules/@testing-library/jest-dom has-flag@4.0.0 OK for: supports-color@7.2.0 want: ^4.0.0
183 silly placeDep node_modules/@testing-library/react aria-query@5.1.3 OK for: @testing-library/dom@8.20.1 want: 5.1.3
184 silly placeDep node_modules/@testing-library/react chalk@4.1.2 OK for: @testing-library/dom@8.20.1 want: ^4.1.0
185 silly fetch manifest deep-equal@^2.0.5
186 silly packumentCache full:https://registry.npmjs.org/deep-equal cache-miss
187 http fetch GET 200 https://registry.npmjs.org/deep-equal 65ms (cache miss)
188 silly packumentCache full:https://registry.npmjs.org/deep-equal set size:undefined disposed:false
189 silly placeDep ROOT deep-equal@2.2.3 OK for: aria-query@5.1.3 want: ^2.0.5
190 silly fetch manifest es-get-iterator@^1.1.3
191 silly packumentCache full:https://registry.npmjs.org/es-get-iterator cache-miss
192 silly fetch manifest is-arguments@^1.1.1
193 silly packumentCache full:https://registry.npmjs.org/is-arguments cache-miss
194 silly fetch manifest object-is@^1.1.5
195 silly packumentCache full:https://registry.npmjs.org/object-is cache-miss
196 http fetch GET 200 https://registry.npmjs.org/es-get-iterator 47ms (cache miss)
197 silly packumentCache full:https://registry.npmjs.org/es-get-iterator set size:undefined disposed:false
198 http fetch GET 200 https://registry.npmjs.org/is-arguments 59ms (cache miss)
199 silly packumentCache full:https://registry.npmjs.org/is-arguments set size:undefined disposed:false
200 http fetch GET 200 https://registry.npmjs.org/object-is 75ms (cache miss)
201 silly packumentCache full:https://registry.npmjs.org/object-is set size:undefined disposed:false
202 silly placeDep ROOT es-get-iterator@1.1.3 OK for: deep-equal@2.2.3 want: ^1.1.3
203 silly placeDep ROOT is-arguments@1.1.1 OK for: deep-equal@2.2.3 want: ^1.1.1
204 silly placeDep ROOT object-is@1.1.6 OK for: deep-equal@2.2.3 want: ^1.1.5
205 silly fetch manifest stop-iteration-iterator@^1.0.0
206 silly packumentCache full:https://registry.npmjs.org/stop-iteration-iterator cache-miss
207 http fetch GET 200 https://registry.npmjs.org/stop-iteration-iterator 52ms (cache miss)
208 silly packumentCache full:https://registry.npmjs.org/stop-iteration-iterator set size:undefined disposed:false
209 silly placeDep ROOT stop-iteration-iterator@1.0.0 OK for: es-get-iterator@1.1.3 want: ^1.0.0
210 silly placeDep node_modules/@testing-library/react ansi-styles@4.3.0 OK for: chalk@4.1.2 want: ^4.1.0
211 silly placeDep node_modules/@testing-library/react supports-color@7.2.0 OK for: chalk@4.1.2 want: ^7.1.0
212 silly placeDep node_modules/@testing-library/react color-convert@2.0.1 OK for: ansi-styles@4.3.0 want: ^2.0.1
213 silly placeDep node_modules/@testing-library/react color-name@1.1.4 OK for: color-convert@2.0.1 want: ~1.1.4
214 silly placeDep node_modules/@testing-library/react has-flag@4.0.0 OK for: supports-color@7.2.0 want: ^4.0.0
215 silly reify mark retired [
215 silly reify   'C:\\Users\\tdavi\\.vscode\\GitHub-Actions-Demo-1\\04-using-actions\\react-app\\node_modules\\@types\\node'
215 silly reify ]
216 silly reify mark retired [
216 silly reify   'C:\\Users\\tdavi\\.vscode\\GitHub-Actions-Demo-1\\04-using-actions\\react-app\\node_modules\\typescript',
216 silly reify   'C:\\Users\\tdavi\\.vscode\\GitHub-Actions-Demo-1\\04-using-actions\\react-app\\node_modules\\.bin\\tsc',
216 silly reify   'C:\\Users\\tdavi\\.vscode\\GitHub-Actions-Demo-1\\04-using-actions\\react-app\\node_modules\\.bin\\tsc.cmd',
216 silly reify   'C:\\Users\\tdavi\\.vscode\\GitHub-Actions-Demo-1\\04-using-actions\\react-app\\node_modules\\.bin\\tsc.ps1',
216 silly reify   'C:\\Users\\tdavi\\.vscode\\GitHub-Actions-Demo-1\\04-using-actions\\react-app\\node_modules\\.bin\\tsserver',
216 silly reify   'C:\\Users\\tdavi\\.vscode\\GitHub-Actions-Demo-1\\04-using-actions\\react-app\\node_modules\\.bin\\tsserver.cmd',
216 silly reify   'C:\\Users\\tdavi\\.vscode\\GitHub-Actions-Demo-1\\04-using-actions\\react-app\\node_modules\\.bin\\tsserver.ps1'
216 silly reify ]
217 silly reify mark retired [
217 silly reify   'C:\\Users\\tdavi\\.vscode\\GitHub-Actions-Demo-1\\04-using-actions\\react-app\\node_modules\\undici-types'
217 silly reify ]
218 silly reify moves {
218 silly reify   'C:\\Users\\tdavi\\.vscode\\GitHub-Actions-Demo-1\\04-using-actions\\react-app\\node_modules\\@types\\node': 'C:\\Users\\tdavi\\.vscode\\GitHub-Actions-Demo-1\\04-using-actions\\react-app\\node_modules\\@types\\.node-RsDt0l5v',
218 silly reify   'C:\\Users\\tdavi\\.vscode\\GitHub-Actions-Demo-1\\04-using-actions\\react-app\\node_modules\\typescript': 'C:\\Users\\tdavi\\.vscode\\GitHub-Actions-Demo-1\\04-using-actions\\react-app\\node_modules\\.typescript-qfwhYdzW',
218 silly reify   'C:\\Users\\tdavi\\.vscode\\GitHub-Actions-Demo-1\\04-using-actions\\react-app\\node_modules\\.bin\\tsc': 'C:\\Users\\tdavi\\.vscode\\GitHub-Actions-Demo-1\\04-using-actions\\react-app\\node_modules\\.bin\\.tsc-uQ114b6w',
218 silly reify   'C:\\Users\\tdavi\\.vscode\\GitHub-Actions-Demo-1\\04-using-actions\\react-app\\node_modules\\.bin\\tsc.cmd': 'C:\\Users\\tdavi\\.vscode\\GitHub-Actions-Demo-1\\04-using-actions\\react-app\\node_modules\\.bin\\.tsc.cmd-6xaTCcz9',
218 silly reify   'C:\\Users\\tdavi\\.vscode\\GitHub-Actions-Demo-1\\04-using-actions\\react-app\\node_modules\\.bin\\tsc.ps1': 'C:\\Users\\tdavi\\.vscode\\GitHub-Actions-Demo-1\\04-using-actions\\react-app\\node_modules\\.bin\\.tsc.ps1-NnS4EtuZ',
218 silly reify   'C:\\Users\\tdavi\\.vscode\\GitHub-Actions-Demo-1\\04-using-actions\\react-app\\node_modules\\.bin\\tsserver': 'C:\\Users\\tdavi\\.vscode\\GitHub-Actions-Demo-1\\04-using-actions\\react-app\\node_modules\\.bin\\.tsserver-Qpd6rQw4',
218 silly reify   'C:\\Users\\tdavi\\.vscode\\GitHub-Actions-Demo-1\\04-using-actions\\react-app\\node_modules\\.bin\\tsserver.cmd': 'C:\\Users\\tdavi\\.vscode\\GitHub-Actions-Demo-1\\04-using-actions\\react-app\\node_modules\\.bin\\.tsserver.cmd-mSYCPYq8',
218 silly reify   'C:\\Users\\tdavi\\.vscode\\GitHub-Actions-Demo-1\\04-using-actions\\react-app\\node_modules\\.bin\\tsserver.ps1': 'C:\\Users\\tdavi\\.vscode\\GitHub-Actions-Demo-1\\04-using-actions\\react-app\\node_modules\\.bin\\.tsserver.ps1-xlKWEsHc',
218 silly reify   'C:\\Users\\tdavi\\.vscode\\GitHub-Actions-Demo-1\\04-using-actions\\react-app\\node_modules\\undici-types': 'C:\\Users\\tdavi\\.vscode\\GitHub-Actions-Demo-1\\04-using-actions\\react-app\\node_modules\\.undici-types-JCDLzMk7'
218 silly reify }
219 verbose reify failed optional dependency C:\Users\tdavi\.vscode\GitHub-Actions-Demo-1\04-using-actions\react-app\node_modules\fsevents
220 silly reify mark deleted [
220 silly reify   'C:\\Users\\tdavi\\.vscode\\GitHub-Actions-Demo-1\\04-using-actions\\react-app\\node_modules\\fsevents'
220 silly reify ]
221 silly tarball no local data for object-is@https://registry.npmjs.org/object-is/-/object-is-1.1.6.tgz. Extracting by manifest.
222 silly tarball no local data for is-arguments@https://registry.npmjs.org/is-arguments/-/is-arguments-1.1.1.tgz. Extracting by manifest.
223 silly tarball no local data for stop-iteration-iterator@https://registry.npmjs.org/stop-iteration-iterator/-/stop-iteration-iterator-1.0.0.tgz. Extracting by manifest.
224 silly tarball no local data for es-get-iterator@https://registry.npmjs.org/es-get-iterator/-/es-get-iterator-1.1.3.tgz. Extracting by manifest.
225 silly tarball no local data for deep-equal@https://registry.npmjs.org/deep-equal/-/deep-equal-2.2.3.tgz. Extracting by manifest.
226 silly tarball no local data for min-indent@https://registry.npmjs.org/min-indent/-/min-indent-1.0.1.tgz. Extracting by manifest.
227 silly tarball no local data for strip-indent@https://registry.npmjs.org/strip-indent/-/strip-indent-3.0.0.tgz. Extracting by manifest.
228 silly tarball no local data for indent-string@https://registry.npmjs.org/indent-string/-/indent-string-4.0.0.tgz. Extracting by manifest.
229 silly tarball no local data for @types/prop-types@https://registry.npmjs.org/@types/prop-types/-/prop-types-15.7.12.tgz. Extracting by manifest.
230 silly tarball no local data for redent@https://registry.npmjs.org/redent/-/redent-3.0.0.tgz. Extracting by manifest.
231 silly tarball no local data for csstype@https://registry.npmjs.org/csstype/-/csstype-3.1.3.tgz. Extracting by manifest.
232 silly tarball no local data for css.escape@https://registry.npmjs.org/css.escape/-/css.escape-1.5.1.tgz. Extracting by manifest.
233 silly tarball no local data for @adobe/css-tools@https://registry.npmjs.org/@adobe/css-tools/-/css-tools-4.4.0.tgz. Extracting by manifest.
234 silly tarball no local data for @types/testing-library__jest-dom@https://registry.npmjs.org/@types/testing-library__jest-dom/-/testing-library__jest-dom-5.14.9.tgz. Extracting by manifest.
235 silly tarball no local data for lz-string@https://registry.npmjs.org/lz-string/-/lz-string-1.5.0.tgz. Extracting by manifest.
236 silly tarball no local data for @types/aria-query@https://registry.npmjs.org/@types/aria-query/-/aria-query-5.0.4.tgz. Extracting by manifest.
237 silly tarball no local data for web-vitals@https://registry.npmjs.org/web-vitals/-/web-vitals-2.1.4.tgz. Extracting by manifest.
238 silly tarball no local data for dom-accessibility-api@https://registry.npmjs.org/dom-accessibility-api/-/dom-accessibility-api-0.5.16.tgz. Extracting by manifest.
239 silly tarball no local data for @types/react@https://registry.npmjs.org/@types/react/-/react-18.3.3.tgz. Extracting by manifest.
240 silly tarball no local data for @types/jest@https://registry.npmjs.org/@types/jest/-/jest-27.5.2.tgz. Extracting by manifest.
241 silly tarball no local data for @types/react-dom@https://registry.npmjs.org/@types/react-dom/-/react-dom-18.3.0.tgz. Extracting by manifest.
242 silly tarball no local data for @testing-library/dom@https://registry.npmjs.org/@testing-library/dom/-/dom-10.1.0.tgz. Extracting by manifest.
243 silly tarball no local data for @testing-library/user-event@https://registry.npmjs.org/@testing-library/user-event/-/user-event-13.5.0.tgz. Extracting by manifest.
244 silly tarball no local data for @testing-library/react@https://registry.npmjs.org/@testing-library/react/-/react-13.4.0.tgz. Extracting by manifest.
245 silly tarball no local data for @testing-library/jest-dom@https://registry.npmjs.org/@testing-library/jest-dom/-/jest-dom-5.17.0.tgz. Extracting by manifest.
246 silly tarball no local data for @types/node@https://registry.npmjs.org/@types/node/-/node-16.18.98.tgz. Extracting by manifest.
247 silly tarball no local data for typescript@https://registry.npmjs.org/typescript/-/typescript-4.9.5.tgz. Extracting by manifest.
248 silly tarball no local data for @testing-library/dom@https://registry.npmjs.org/@testing-library/dom/-/dom-8.20.1.tgz. Extracting by manifest.
249 silly tarball no local data for aria-query@https://registry.npmjs.org/aria-query/-/aria-query-5.1.3.tgz. Extracting by manifest.
250 silly tarball no local data for chalk@https://registry.npmjs.org/chalk/-/chalk-3.0.0.tgz. Extracting by manifest.
251 http fetch GET 200 https://registry.npmjs.org/strip-indent/-/strip-indent-3.0.0.tgz 161ms (cache miss)
252 http fetch GET 200 https://registry.npmjs.org/min-indent/-/min-indent-1.0.1.tgz 195ms (cache miss)
253 http fetch GET 200 https://registry.npmjs.org/@types/aria-query/-/aria-query-5.0.4.tgz 221ms (cache miss)
254 http fetch GET 200 https://registry.npmjs.org/@types/jest/-/jest-27.5.2.tgz 221ms (cache miss)
255 http fetch GET 200 https://registry.npmjs.org/@types/prop-types/-/prop-types-15.7.12.tgz 238ms (cache miss)
256 http fetch GET 200 https://registry.npmjs.org/stop-iteration-iterator/-/stop-iteration-iterator-1.0.0.tgz 249ms (cache miss)
257 http fetch GET 200 https://registry.npmjs.org/css.escape/-/css.escape-1.5.1.tgz 246ms (cache miss)
258 http fetch GET 200 https://registry.npmjs.org/indent-string/-/indent-string-4.0.0.tgz 250ms (cache miss)
259 http fetch GET 200 https://registry.npmjs.org/redent/-/redent-3.0.0.tgz 251ms (cache miss)
260 http fetch GET 200 https://registry.npmjs.org/is-arguments/-/is-arguments-1.1.1.tgz 291ms (cache miss)
261 http fetch GET 200 https://registry.npmjs.org/@types/react-dom/-/react-dom-18.3.0.tgz 283ms (cache miss)
262 http fetch GET 200 https://registry.npmjs.org/deep-equal/-/deep-equal-2.2.3.tgz 307ms (cache miss)
263 http fetch GET 200 https://registry.npmjs.org/@types/testing-library__jest-dom/-/testing-library__jest-dom-5.14.9.tgz 304ms (cache miss)
264 http fetch GET 200 https://registry.npmjs.org/es-get-iterator/-/es-get-iterator-1.1.3.tgz 328ms (cache miss)
265 http fetch GET 200 https://registry.npmjs.org/object-is/-/object-is-1.1.6.tgz 336ms (cache miss)
266 http fetch GET 200 https://registry.npmjs.org/chalk/-/chalk-3.0.0.tgz 359ms (cache miss)
267 http fetch GET 200 https://registry.npmjs.org/lz-string/-/lz-string-1.5.0.tgz 404ms (cache miss)
268 http fetch GET 200 https://registry.npmjs.org/@types/react/-/react-18.3.3.tgz 402ms (cache miss)
269 http fetch GET 200 https://registry.npmjs.org/@adobe/css-tools/-/css-tools-4.4.0.tgz 411ms (cache miss)
270 http fetch GET 200 https://registry.npmjs.org/csstype/-/csstype-3.1.3.tgz 436ms (cache miss)
271 http fetch GET 200 https://registry.npmjs.org/@testing-library/jest-dom/-/jest-dom-5.17.0.tgz 482ms (cache miss)
272 http fetch GET 200 https://registry.npmjs.org/dom-accessibility-api/-/dom-accessibility-api-0.5.16.tgz 541ms (cache miss)
273 http fetch GET 200 https://registry.npmjs.org/web-vitals/-/web-vitals-2.1.4.tgz 565ms (cache miss)
274 http fetch GET 200 https://registry.npmjs.org/@testing-library/react/-/react-13.4.0.tgz 618ms (cache miss)
275 http fetch GET 200 https://registry.npmjs.org/@testing-library/dom/-/dom-10.1.0.tgz 637ms (cache miss)
276 http fetch GET 200 https://registry.npmjs.org/@types/node/-/node-16.18.98.tgz 646ms (cache miss)
277 http fetch GET 200 https://registry.npmjs.org/@testing-library/dom/-/dom-8.20.1.tgz 658ms (cache miss)
278 http fetch GET 200 https://registry.npmjs.org/@testing-library/user-event/-/user-event-13.5.0.tgz 691ms (cache miss)
279 http fetch GET 200 https://registry.npmjs.org/aria-query/-/aria-query-5.1.3.tgz 780ms (cache miss)
280 http fetch GET 200 https://registry.npmjs.org/typescript/-/typescript-4.9.5.tgz 1397ms (cache miss)
281 silly ADD node_modules/stop-iteration-iterator
282 silly ADD node_modules/object-is
283 silly ADD node_modules/is-arguments
284 silly ADD node_modules/es-get-iterator
285 silly ADD node_modules/deep-equal
286 silly ADD node_modules/min-indent
287 silly ADD node_modules/strip-indent
288 silly ADD node_modules/indent-string
289 silly ADD node_modules/csstype
290 silly ADD node_modules/@types/prop-types
291 silly ADD node_modules/redent
292 silly ADD node_modules/css.escape
293 silly ADD node_modules/@types/testing-library__jest-dom
294 silly ADD node_modules/@adobe/css-tools
295 silly ADD node_modules/lz-string
296 silly ADD node_modules/dom-accessibility-api
297 silly ADD node_modules/@types/aria-query
298 silly ADD node_modules/web-vitals
299 silly ADD node_modules/@types/react-dom
300 silly ADD node_modules/@types/react
301 silly ADD node_modules/@types/jest
302 silly ADD node_modules/@testing-library/dom
303 silly ADD node_modules/@testing-library/dom/node_modules/has-flag
304 silly ADD node_modules/@testing-library/dom/node_modules/color-name
305 silly ADD node_modules/@testing-library/dom/node_modules/color-convert
306 silly ADD node_modules/@testing-library/dom/node_modules/supports-color
307 silly ADD node_modules/@testing-library/dom/node_modules/ansi-styles
308 silly ADD node_modules/@testing-library/dom/node_modules/chalk
309 silly ADD node_modules/@testing-library/user-event
310 silly ADD node_modules/@testing-library/react
311 silly ADD node_modules/@testing-library/react/node_modules/has-flag
312 silly ADD node_modules/@testing-library/react/node_modules/color-name
313 silly ADD node_modules/@testing-library/react/node_modules/color-convert
314 silly ADD node_modules/@testing-library/react/node_modules/supports-color
315 silly ADD node_modules/@testing-library/react/node_modules/ansi-styles
316 silly ADD node_modules/@testing-library/react/node_modules/chalk
317 silly ADD node_modules/@testing-library/react/node_modules/aria-query
318 silly ADD node_modules/@testing-library/react/node_modules/@testing-library/dom
319 silly ADD node_modules/@testing-library/jest-dom
320 silly ADD node_modules/@testing-library/jest-dom/node_modules/has-flag
321 silly ADD node_modules/@testing-library/jest-dom/node_modules/color-name
322 silly ADD node_modules/@testing-library/jest-dom/node_modules/color-convert
323 silly ADD node_modules/@testing-library/jest-dom/node_modules/supports-color
324 silly ADD node_modules/@testing-library/jest-dom/node_modules/ansi-styles
325 silly ADD node_modules/@testing-library/jest-dom/node_modules/chalk
326 silly ADD
327 silly REMOVE node_modules/undici-types
328 silly CHANGE node_modules/typescript
329 silly CHANGE node_modules/@types/node
330 verbose cwd C:\Users\tdavi\.vscode\GitHub-Actions-Demo-1\04-using-actions\react-app
331 verbose os Windows_NT 10.0.19045
332 verbose node v20.14.0
333 verbose npm  v10.8.1
334 verbose exit 0
335 info ok
